<?xml version="1.0" encoding="UTF-8"?>
<testng-results ignored="0" total="5" passed="5" failed="0" skipped="0">
  <reporter-output>
  </reporter-output>
  <suite started-at="2026-02-24T02:34:53 IST" name="Default suite" finished-at="2026-02-24T02:34:53 IST" duration-ms="279">
    <groups>
    </groups>
    <test started-at="2026-02-24T02:34:53 IST" name="Default test" finished-at="2026-02-24T02:34:53 IST" duration-ms="279">
      <class name="java8.Streams">
        <test-method signature="regular()[pri:0, instance:java8.Streams@618b19ad]" started-at="2026-02-24T02:34:53 IST" name="regular" finished-at="2026-02-24T02:34:53 IST" duration-ms="33" status="PASS">
          <reporter-output>
          </reporter-output>
        </test-method> <!-- regular -->
        <test-method signature="streamCollect()[pri:0, instance:java8.Streams@618b19ad]" started-at="2026-02-24T02:34:53 IST" name="streamCollect" finished-at="2026-02-24T02:34:53 IST" duration-ms="14" status="PASS">
          <reporter-output>
          </reporter-output>
        </test-method> <!-- streamCollect -->
        <test-method signature="streamFilter()[pri:0, instance:java8.Streams@618b19ad]" started-at="2026-02-24T02:34:53 IST" name="streamFilter" finished-at="2026-02-24T02:34:53 IST" duration-ms="13" status="PASS">
          <reporter-output>
          </reporter-output>
        </test-method> <!-- streamFilter -->
        <test-method signature="streamMap()[pri:0, instance:java8.Streams@618b19ad]" started-at="2026-02-24T02:34:53 IST" name="streamMap" finished-at="2026-02-24T02:34:53 IST" duration-ms="31" status="PASS">
          <reporter-output>
          </reporter-output>
        </test-method> <!-- streamMap -->
        <test-method signature="streamValues()[pri:0, instance:java8.Streams@618b19ad]" started-at="2026-02-24T02:34:53 IST" name="streamValues" finished-at="2026-02-24T02:34:53 IST" duration-ms="12" status="PASS">
          <reporter-output>
          </reporter-output>
        </test-method> <!-- streamValues -->
      </class> <!-- java8.Streams -->
    </test> <!-- Default test -->
  </suite> <!-- Default suite -->
</testng-results>
