<?xml version="1.0" encoding="UTF-8"?>
<!-- Generated by org.testng.reporters.JUnitReportReporter -->
<testsuite hostname="DESKTOP-REJ8931" failures="0" tests="5" name="java8.Streams" time="0.103" errors="0" timestamp="2026-02-24T02:34:54 IST" skipped="0">
  <testcase classname="java8.Streams" name="streamFilter" time="0.013"/>
  <testcase classname="java8.Streams" name="streamMap" time="0.031"/>
  <testcase classname="java8.Streams" name="regular" time="0.033"/>
  <testcase classname="java8.Streams" name="streamCollect" time="0.014"/>
  <testcase classname="java8.Streams" name="streamValues" time="0.012"/>
</testsuite> <!-- java8.Streams -->
